<?xml version="1.0" encoding="UTF-8"?>
<testng-results skipped="4" failed="0" total="4" passed="0">
  <reporter-output>
  </reporter-output>
  <suite name="Suite" duration-ms="41695" started-at="2020-08-21T17:03:53Z" finished-at="2020-08-21T17:04:35Z">
    <groups>
    </groups>
    <test name="Test" duration-ms="41695" started-at="2020-08-21T17:03:53Z" finished-at="2020-08-21T17:04:35Z">
      <class name="tests.LocationPagePermissionTest">
        <test-method status="PASS" signature="setup()[pri:0, instance:tests.LocationPagePermissionTest@3bd94634]" name="setup" is-config="true" duration-ms="17998" started-at="2020-08-21T19:03:53Z" finished-at="2020-08-21T19:04:11Z">
          <reporter-output>
          </reporter-output>
        </test-method> <!-- setup -->
        <test-method status="FAIL" signature="initUtlities()[pri:0, instance:tests.LocationPagePermissionTest@3bd94634]" name="initUtlities" is-config="true" duration-ms="0" started-at="2020-08-21T19:04:11Z" finished-at="2020-08-21T19:04:11Z">
          <exception class="org.openqa.selenium.NoSuchElementException">
            <message>
              <![CDATA[Cannot locate an element using xpath=/html/body/div[3]/nav/div[2]/ul/li[5]/a
For documentation on this error, please visit: https://www.seleniumhq.org/exceptions/no_such_element.html
Build info: version: '3.141.59', revision: 'e82be7d358', time: '2018-11-14T08:17:03'
System info: host: 'TOSHIBA-PC', ip: '192.168.56.1', os.name: 'Windows 7', os.arch: 'amd64', os.version: '6.1', java.version: '1.8.0_201'
Driver info: driver.version: RemoteWebDriver]]>
            </message>
            <full-stacktrace>
              <![CDATA[org.openqa.selenium.NoSuchElementException: Cannot locate an element using xpath=/html/body/div[3]/nav/div[2]/ul/li[5]/a
For documentation on this error, please visit: https://www.seleniumhq.org/exceptions/no_such_element.html
Build info: version: '3.141.59', revision: 'e82be7d358', time: '2018-11-14T08:17:03'
System info: host: 'TOSHIBA-PC', ip: '192.168.56.1', os.name: 'Windows 7', os.arch: 'amd64', os.version: '6.1', java.version: '1.8.0_201'
Driver info: driver.version: RemoteWebDriver
	at org.openqa.selenium.remote.RemoteWebDriver.findElement(RemoteWebDriver.java:327)
	at org.openqa.selenium.remote.RemoteWebDriver.findElementByXPath(RemoteWebDriver.java:428)
	at org.openqa.selenium.By$ByXPath.findElement(By.java:353)
	at org.openqa.selenium.remote.RemoteWebDriver.findElement(RemoteWebDriver.java:315)
	at pageobjects.admin.AdminPage.accountsTab(AdminPage.java:26)
	at pageobjects.admin.AdminUtil.addNewAdminWindow(AdminUtil.java:17)
	at tests.LocationPagePermissionTest.naviagteToLocationPage(LocationPagePermissionTest.java:56)
	at tests.LocationPagePermissionTest.initUtlities(LocationPagePermissionTest.java:43)
	at sun.reflect.NativeMethodAccessorImpl.invoke0(Native Method)
	at sun.reflect.NativeMethodAccessorImpl.invoke(NativeMethodAccessorImpl.java:62)
	at sun.reflect.DelegatingMethodAccessorImpl.invoke(DelegatingMethodAccessorImpl.java:43)
	at java.lang.reflect.Method.invoke(Method.java:498)
	at org.testng.internal.MethodInvocationHelper.invokeMethod(MethodInvocationHelper.java:86)
	at org.testng.internal.Invoker.invokeConfigurationMethod(Invoker.java:514)
	at org.testng.internal.Invoker.invokeConfigurations(Invoker.java:215)
	at org.testng.internal.Invoker.invokeConfigurations(Invoker.java:142)
	at org.testng.internal.TestMethodWorker.invokeBeforeClassMethods(TestMethodWorker.java:178)
	at org.testng.internal.TestMethodWorker.run(TestMethodWorker.java:108)
	at org.testng.TestRunner.privateRun(TestRunner.java:782)
	at org.testng.TestRunner.run(TestRunner.java:632)
	at org.testng.SuiteRunner.runTest(SuiteRunner.java:366)
	at org.testng.SuiteRunner.runSequentially(SuiteRunner.java:361)
	at org.testng.SuiteRunner.privateRun(SuiteRunner.java:319)
	at org.testng.SuiteRunner.run(SuiteRunner.java:268)
	at org.testng.SuiteRunnerWorker.runSuite(SuiteRunnerWorker.java:52)
	at org.testng.SuiteRunnerWorker.run(SuiteRunnerWorker.java:86)
	at org.testng.TestNG.runSuitesSequentially(TestNG.java:1244)
	at org.testng.TestNG.runSuitesLocally(TestNG.java:1169)
	at org.testng.TestNG.run(TestNG.java:1064)
	at org.testng.remote.RemoteTestNG.run(RemoteTestNG.java:113)
	at org.testng.remote.RemoteTestNG.initAndRun(RemoteTestNG.java:206)
	at org.testng.remote.RemoteTestNG.main(RemoteTestNG.java:177)
]]>
            </full-stacktrace>
          </exception> <!-- org.openqa.selenium.NoSuchElementException -->
          <reporter-output>
          </reporter-output>
        </test-method> <!-- initUtlities -->
        <test-method status="SKIP" signature="testWhenAddLocationThenPassSucessfully(java.lang.String, java.lang.String, java.lang.String, java.lang.String)[pri:0, instance:tests.LocationPagePermissionTest@3bd94634]" name="testWhenAddLocationThenPassSucessfully" duration-ms="14" started-at="2020-08-21T19:04:35Z" description="Check New Admin has permission to add location" finished-at="2020-08-21T19:04:35Z">
          <params>
            <param index="0">
              <value>
                <![CDATA[lebanon]]>
              </value>
            </param>
            <param index="1">
              <value>
                <![CDATA[Beirut, Lebanon]]>
              </value>
            </param>
            <param index="2">
              <value>
                <![CDATA[35.5017761]]>
              </value>
            </param>
            <param index="3">
              <value>
                <![CDATA[33.8937919]]>
              </value>
            </param>
          </params>
          <reporter-output>
          </reporter-output>
        </test-method> <!-- testWhenAddLocationThenPassSucessfully -->
        <test-method status="SKIP" signature="testWhenAdminWithNoDeletePermissionThenDeleteActionHidden()[pri:0, instance:tests.LocationPagePermissionTest@3bd94634]" name="testWhenAdminWithNoDeletePermissionThenDeleteActionHidden" duration-ms="8" started-at="2020-08-21T19:04:35Z" description="Check New Admin has no permission to delete location" finished-at="2020-08-21T19:04:35Z">
          <reporter-output>
          </reporter-output>
        </test-method> <!-- testWhenAdminWithNoDeletePermissionThenDeleteActionHidden -->
        <test-method status="SKIP" signature="testWhenEditLocationThenPassSuccessfully(java.lang.String, java.lang.String, java.lang.String, java.lang.String)[pri:0, instance:tests.LocationPagePermissionTest@3bd94634]" name="testWhenEditLocationThenPassSuccessfully" duration-ms="6" started-at="2020-08-21T19:04:35Z" description="Check New Admin has permission to edit location" data-provider="locationData" finished-at="2020-08-21T19:04:35Z">
          <params>
            <param index="0">
              <value>
                <![CDATA[United Arab Emirates]]>
              </value>
            </param>
            <param index="1">
              <value>
                <![CDATA[Dubai - United Arab Emirates]]>
              </value>
            </param>
            <param index="2">
              <value>
                <![CDATA[55.2707828]]>
              </value>
            </param>
            <param index="3">
              <value>
                <![CDATA[25.2048493]]>
              </value>
            </param>
          </params>
          <reporter-output>
          </reporter-output>
        </test-method> <!-- testWhenEditLocationThenPassSuccessfully -->
        <test-method status="SKIP" signature="testWhenEditLocationThenPassSuccessfully(java.lang.String, java.lang.String, java.lang.String, java.lang.String)[pri:0, instance:tests.LocationPagePermissionTest@3bd94634]" name="testWhenEditLocationThenPassSuccessfully" duration-ms="7" started-at="2020-08-21T19:04:35Z" description="Check New Admin has permission to edit location" data-provider="locationData" finished-at="2020-08-21T19:04:35Z">
          <params>
            <param index="0">
              <value>
                <![CDATA[Turkey]]>
              </value>
            </param>
            <param index="1">
              <value>
                <![CDATA[Turkey]]>
              </value>
            </param>
            <param index="2">
              <value>
                <![CDATA[35.243322]]>
              </value>
            </param>
            <param index="3">
              <value>
                <![CDATA[38.963745]]>
              </value>
            </param>
          </params>
          <reporter-output>
          </reporter-output>
        </test-method> <!-- testWhenEditLocationThenPassSuccessfully -->
      </class> <!-- tests.LocationPagePermissionTest -->
    </test> <!-- Test -->
  </suite> <!-- Suite -->
</testng-results>
